<?xml version="1.0" encoding="UTF-8"?>
<!-- Generated by org.testng.reporters.JUnitReportReporter -->
<testsuite skipped="0" hostname="DESKTOP-VH56LQQ" name="pfPack.tests.LoginTest" tests="1" failures="0" timestamp="14 Oct 2018 07:10:31 GMT" time="41.650" errors="0">
  <testcase name="testLogin" time="41.650" classname="pfPack.tests.LoginTest"/>
</testsuite> <!-- pfPack.tests.LoginTest -->
